<?xml version="1.0" encoding="UTF-8"?>
<testsuite xmlns:xsi="http://www.w3.org/2001/XMLSchema-instance" xsi:noNamespaceSchemaLocation="https://maven.apache.org/surefire/maven-surefire-plugin/xsd/surefire-test-report-3.0.xsd" version="3.0" name="com.santander.goldengate.handler.KcopHandlerTest" time="0.003" tests="11" errors="0" skipped="11" failures="0">
  <properties/>
  <testcase name="testConvertBytesFromByteArray" classname="com.santander.goldengate.handler.KcopHandlerTest" time="0.0">
    <skipped message="Depends on Oracle GoldenGate runtime classes not present on test classpath"/>
  </testcase>
  <testcase name="testConvertLong" classname="com.santander.goldengate.handler.KcopHandlerTest" time="0.0">
    <skipped message="Depends on Oracle GoldenGate runtime classes not present on test classpath"/>
  </testcase>
  <testcase name="testConvertBytesFromPlainStringFallback" classname="com.santander.goldengate.handler.KcopHandlerTest" time="0.0">
    <skipped message="Depends on Oracle GoldenGate runtime classes not present on test classpath"/>
  </testcase>
  <testcase name="testConvertBytesFromBase64String" classname="com.santander.goldengate.handler.KcopHandlerTest" time="0.0">
    <skipped message="Depends on Oracle GoldenGate runtime classes not present on test classpath"/>
  </testcase>
  <testcase name="testConvertDouble" classname="com.santander.goldengate.handler.KcopHandlerTest" time="0.0">
    <skipped message="Depends on Oracle GoldenGate runtime classes not present on test classpath"/>
  </testcase>
  <testcase name="testResolveTopicTemplate" classname="com.santander.goldengate.handler.KcopHandlerTest" time="0.0">
    <skipped message="Depends on Oracle GoldenGate runtime classes not present on test classpath"/>
  </testcase>
  <testcase name="testConvertString" classname="com.santander.goldengate.handler.KcopHandlerTest" time="0.0">
    <skipped message="Depends on Oracle GoldenGate runtime classes not present on test classpath"/>
  </testcase>
  <testcase name="testExtractValueBytesToBase64" classname="com.santander.goldengate.handler.KcopHandlerTest" time="0.0">
    <skipped message="Depends on Oracle GoldenGate runtime classes not present on test classpath"/>
  </testcase>
  <testcase name="testExtractValuePassThrough" classname="com.santander.goldengate.handler.KcopHandlerTest" time="0.0">
    <skipped message="Depends on Oracle GoldenGate runtime classes not present on test classpath"/>
  </testcase>
  <testcase name="testConvertInt" classname="com.santander.goldengate.handler.KcopHandlerTest" time="0.0">
    <skipped message="Depends on Oracle GoldenGate runtime classes not present on test classpath"/>
  </testcase>
  <testcase name="testResolveTopicFallback" classname="com.santander.goldengate.handler.KcopHandlerTest" time="0.0">
    <skipped message="Depends on Oracle GoldenGate runtime classes not present on test classpath"/>
  </testcase>
</testsuite>